<?xml version="1.0" encoding="UTF-8"?>
<coverage generated="1663688856440" clover="3.2.0">
  <project timestamp="1663688856440" name="All files">
    <metrics statements="9" coveredstatements="9" conditionals="4" coveredconditionals="4" methods="5" coveredmethods="5" elements="18" coveredelements="18" complexity="0" loc="9" ncloc="9" packages="1" files="1" classes="1"/>
    <file name="index.js" path="/home/kk/Documents/Futureproof/Github/fp_studies/lap2/day1-js-basics/testing/index.js">
      <metrics statements="9" coveredstatements="9" conditionals="4" coveredconditionals="4" methods="5" coveredmethods="5"/>
      <line num="2" count="4" type="cond" truecount="4" falsecount="0"/>
      <line num="3" count="2" type="stmt"/>
      <line num="5" count="2" type="stmt"/>
      <line num="9" count="1" type="stmt"/>
      <line num="13" count="1" type="stmt"/>
      <line num="18" count="1" type="stmt"/>
      <line num="22" count="1" type="stmt"/>
      <line num="26" count="1" type="stmt"/>
      <line num="28" count="1" type="stmt"/>
    </file>
  </project>
</coverage>
